2021-12-07 15:59:17.071	 WordsAPI responded with word "monster" when requesting "monsters".
2021-12-07 15:59:17.277	 Syllables of "the" is missing
2021-12-07 15:59:17.278	 Pronunciation of "the" is not a JSONObject: "ðʌ"
2021-12-07 15:59:17.714	 WordsAPI responded with word "wind" when requesting "winds".
2021-12-07 15:59:18.192	 Pronunciation of "understated" is not a JSONObject: "'ʌndɝr,steɪtɪd"
2021-12-07 16:01:21.286	 WordsAPI responded with word "snowflake" when requesting "snowflakes".
2021-12-07 16:09:07.181	 Syllables of "heads" is missing
2021-12-07 16:09:07.181	 Pronunciation of "heads" is not a JSONObject: "hɛdz"
2021-12-07 16:15:26.712	 Pronunciation of "arrived" is not a JSONObject: "ɝr'aɪvd"
2021-12-08 11:50:49.426	 Unrecognised part of speech for "human" with definition "characteristic of humanity": "null"
2021-12-08 11:50:49.427	 Unrecognised part of speech for "human" with definition "relating to a person": "null"
2021-12-08 11:54:03.666	 Syllables of "overstated" is missing
2021-12-08 11:54:03.666	 Pronunciation of "overstated" is not a JSONObject: "'oʊvɝr,steɪtɪd"
2021-12-08 12:27:30.132	 Syllables of "so" is missing
2021-12-08 13:01:08.408	 Unrecognised part of speech for "fast" with definition "(used of timepieces) indicating a time ahead of or later than the correct time": "null"
2021-12-08 13:01:57.998	 WordsAPI responded with word "nick" when requesting "Nick".
2021-12-08 15:41:59.215	 Syllables of "ouch" is missing
2021-12-08 15:41:59.215	 Pronunciation of "ouch" is not a JSONObject: "aʊʧ"
2021-12-08 15:51:39.821	 Syllables of "even so" is missing
2021-12-10 16:29:36.056	 Syllables of "adwad" is missing
2021-12-10 16:29:36.079	 Results of "adwad" was missing
2021-12-10 16:32:19.104	 Syllables of "mapple" is missing
2021-12-10 16:32:19.104	 Results of "mapple" was missing
